/home/jon/path_planning_ws/install/maze_bot/lib/python3.10/site-packages/maze_bot/__init__.py
/home/jon/path_planning_ws/install/maze_bot/lib/python3.10/site-packages/maze_bot/talker.py
/home/jon/path_planning_ws/install/maze_bot/lib/python3.10/site-packages/maze_bot/listener.py
/home/jon/path_planning_ws/install/maze_bot/lib/python3.10/site-packages/maze_bot/__pycache__/__init__.cpython-310.pyc
/home/jon/path_planning_ws/install/maze_bot/lib/python3.10/site-packages/maze_bot/__pycache__/talker.cpython-310.pyc
/home/jon/path_planning_ws/install/maze_bot/lib/python3.10/site-packages/maze_bot/__pycache__/listener.cpython-310.pyc
/home/jon/path_planning_ws/install/maze_bot/share/ament_index/resource_index/packages/maze_bot
/home/jon/path_planning_ws/install/maze_bot/share/maze_bot/package.xml
/home/jon/path_planning_ws/install/maze_bot/share/maze_bot/urdf/maze_bot.urdf
/home/jon/path_planning_ws/install/maze_bot/share/maze_bot/meshes/front_caster.stl
/home/jon/path_planning_ws/install/maze_bot/share/maze_bot/meshes/base_link.stl
/home/jon/path_planning_ws/install/maze_bot/share/maze_bot/meshes/wheel_r.stl
/home/jon/path_planning_ws/install/maze_bot/share/maze_bot/meshes/wheel_l.stl
/home/jon/path_planning_ws/install/maze_bot/share/maze_bot/launch/gazebo.launch.py
/home/jon/path_planning_ws/install/maze_bot/share/maze_bot/launch/rviz.launch.py
/home/jon/path_planning_ws/install/maze_bot/lib/python3.10/site-packages/maze_bot-0.0.0-py3.10.egg-info/SOURCES.txt
/home/jon/path_planning_ws/install/maze_bot/lib/python3.10/site-packages/maze_bot-0.0.0-py3.10.egg-info/dependency_links.txt
/home/jon/path_planning_ws/install/maze_bot/lib/python3.10/site-packages/maze_bot-0.0.0-py3.10.egg-info/PKG-INFO
/home/jon/path_planning_ws/install/maze_bot/lib/python3.10/site-packages/maze_bot-0.0.0-py3.10.egg-info/zip-safe
/home/jon/path_planning_ws/install/maze_bot/lib/python3.10/site-packages/maze_bot-0.0.0-py3.10.egg-info/top_level.txt
/home/jon/path_planning_ws/install/maze_bot/lib/python3.10/site-packages/maze_bot-0.0.0-py3.10.egg-info/entry_points.txt
/home/jon/path_planning_ws/install/maze_bot/lib/python3.10/site-packages/maze_bot-0.0.0-py3.10.egg-info/requires.txt
/home/jon/path_planning_ws/install/maze_bot/lib/maze_bot/subscriber_node
/home/jon/path_planning_ws/install/maze_bot/lib/maze_bot/talker_node
