[0.572s] Invoking command in '/home/jon/path_planning_ws/src/maze_bot': PYTHONPATH=/home/jon/path_planning_ws/install/maze_bot/lib/python3.10/site-packages:${PYTHONPATH} /usr/bin/python3 setup.py egg_info --egg-base ../../build/maze_bot build --build-base /home/jon/path_planning_ws/build/maze_bot/build install --prefix /home/jon/path_planning_ws/install/maze_bot --record /home/jon/path_planning_ws/build/maze_bot/install.log --single-version-externally-managed
[0.799s] running egg_info
[0.800s] writing ../../build/maze_bot/maze_bot.egg-info/PKG-INFO
[0.800s] writing dependency_links to ../../build/maze_bot/maze_bot.egg-info/dependency_links.txt
[0.801s] writing entry points to ../../build/maze_bot/maze_bot.egg-info/entry_points.txt
[0.801s] writing requirements to ../../build/maze_bot/maze_bot.egg-info/requires.txt
[0.801s] writing top-level names to ../../build/maze_bot/maze_bot.egg-info/top_level.txt
[0.803s] reading manifest file '../../build/maze_bot/maze_bot.egg-info/SOURCES.txt'
[0.804s] writing manifest file '../../build/maze_bot/maze_bot.egg-info/SOURCES.txt'
[0.804s] running build
[0.804s] running build_py
[0.804s] running install
[0.805s] running install_lib
[0.806s] running install_data
[0.806s] copying urdf/maze_bot.urdf -> /home/jon/path_planning_ws/install/maze_bot/share/maze_bot/urdf
[0.807s] running install_egg_info
[0.808s] removing '/home/jon/path_planning_ws/install/maze_bot/lib/python3.10/site-packages/maze_bot-0.0.0-py3.10.egg-info' (and everything under it)
[0.808s] Copying ../../build/maze_bot/maze_bot.egg-info to /home/jon/path_planning_ws/install/maze_bot/lib/python3.10/site-packages/maze_bot-0.0.0-py3.10.egg-info
[0.809s] running install_scripts
[0.826s] Installing subscriber_node script to /home/jon/path_planning_ws/install/maze_bot/lib/maze_bot
[0.826s] Installing talker_node script to /home/jon/path_planning_ws/install/maze_bot/lib/maze_bot
[0.826s] writing list of installed files to '/home/jon/path_planning_ws/build/maze_bot/install.log'
[0.854s] Invoked command in '/home/jon/path_planning_ws/src/maze_bot' returned '0': PYTHONPATH=/home/jon/path_planning_ws/install/maze_bot/lib/python3.10/site-packages:${PYTHONPATH} /usr/bin/python3 setup.py egg_info --egg-base ../../build/maze_bot build --build-base /home/jon/path_planning_ws/build/maze_bot/build install --prefix /home/jon/path_planning_ws/install/maze_bot --record /home/jon/path_planning_ws/build/maze_bot/install.log --single-version-externally-managed
